<?xml version="1.0" encoding="UTF-8"?>
<testsuite xmlns:xsi="http://www.w3.org/2001/XMLSchema-instance" xsi:noNamespaceSchemaLocation="https://maven.apache.org/surefire/maven-surefire-plugin/xsd/surefire-test-report-3.0.xsd" version="3.0" name="org.control_parental.comentario.infrastructure.ComentarioRepositoryTest" time="9.922" tests="4" errors="0" skipped="0" failures="0">
  <properties>
[...]
</properties>
  <testcase name="testFindById" classname="org.control_parental.comentario.infrastructure.ComentarioRepositoryTest" time="0.742">
    <system-out><![CDATA[2024-05-26T22:55:41.667-05:00  INFO 13936 --- [control_parental_test] [           main] t.c.s.AnnotationConfigContextLoaderUtils : Could not detect default configuration classes for test class [org.control_parental.comentario.infrastructure.ComentarioRepositoryTest]: ComentarioRepositoryTest does not declare any static, non-private, non-final, nested classes annotated with @Configuration.
2024-05-26T22:55:41.833-05:00  INFO 13936 --- [control_parental_test] [           main] .b.t.c.SpringBootTestContextBootstrapper : Found @SpringBootConfiguration org.control_parental.ControlParentalApplication for test class org.control_parental.comentario.infrastructure.ComentarioRepositoryTest
2024-05-26T22:55:41.954-05:00  INFO 13936 --- [control_parental_test] [           main] org.testcontainers.images.PullPolicy     : Image pull policy will be performed by: DefaultPullPolicy()
2024-05-26T22:55:41.970-05:00  INFO 13936 --- [control_parental_test] [           main] o.t.utility.ImageNameSubstitutor         : Image name substitution will be performed by: DefaultImageNameSubstitutor (composite of 'ConfigurationFileImageNameSubstitutor' and 'PrefixingImageNameSubstitutor')
2024-05-26T22:55:42.256-05:00  INFO 13936 --- [control_parental_test] [           main] o.t.d.DockerClientProviderStrategy       : Loaded org.testcontainers.dockerclient.NpipeSocketClientProviderStrategy from ~/.testcontainers.properties, will try it first
2024-05-26T22:55:42.739-05:00  INFO 13936 --- [control_parental_test] [           main] o.t.d.DockerClientProviderStrategy       : Found Docker environment with local Npipe socket (npipe:////./pipe/docker_engine)
2024-05-26T22:55:42.741-05:00  INFO 13936 --- [control_parental_test] [           main] org.testcontainers.DockerClientFactory   : Docker host IP address is localhost
2024-05-26T22:55:42.817-05:00  INFO 13936 --- [control_parental_test] [           main] org.testcontainers.DockerClientFactory   : Connected to docker: 
  Server Version: 4.8.3
  API Version: 1.41
  Operating System: fedora
  Total Memory: 7878 MB
2024-05-26T22:55:42.929-05:00  INFO 13936 --- [control_parental_test] [           main] tc.testcontainers/ryuk:0.6.0             : Creating container for image: testcontainers/ryuk:0.6.0
2024-05-26T22:55:42.936-05:00  INFO 13936 --- [control_parental_test] [           main] o.t.utility.RegistryAuthLocator          : Failure when attempting to lookup auth config. Please ignore if you don't have images in an authenticated registry. Details: (dockerImageName: testcontainers/ryuk:0.6.0, configFile: C:\Users\micha\.docker\config.json, configEnv: DOCKER_AUTH_CONFIG). Falling back to docker-java default behaviour. Exception message: Status 404: No config supplied. Checked in order: C:\Users\micha\.docker\config.json (file not found), DOCKER_AUTH_CONFIG (not set)
2024-05-26T22:55:43.088-05:00  INFO 13936 --- [control_parental_test] [           main] tc.testcontainers/ryuk:0.6.0             : Container testcontainers/ryuk:0.6.0 is starting: 81bac60f2f490399741227479db565194a3fb64711fd2e6dfa13edb2096d3add
2024-05-26T22:55:43.601-05:00  INFO 13936 --- [control_parental_test] [           main] tc.testcontainers/ryuk:0.6.0             : Container testcontainers/ryuk:0.6.0 started in PT0.6719653S
2024-05-26T22:55:43.606-05:00  WARN 13936 --- [control_parental_test] [containers-ryuk] o.t.utility.RyukResourceReaper           : Can not connect to Ryuk at localhost:33711

java.net.ConnectException: Connection refused: no further information
	at java.base/sun.nio.ch.Net.pollConnect(Native Method) ~[na:na]
	at java.base/sun.nio.ch.Net.pollConnectNow(Net.java:672) ~[na:na]
	at java.base/sun.nio.ch.NioSocketImpl.timedFinishConnect(NioSocketImpl.java:547) ~[na:na]
	at java.base/sun.nio.ch.NioSocketImpl.connect(NioSocketImpl.java:602) ~[na:na]
	at java.base/java.net.SocksSocketImpl.connect(SocksSocketImpl.java:327) ~[na:na]
	at java.base/java.net.Socket.connect(Socket.java:633) ~[na:na]
	at org.testcontainers.utility.RyukResourceReaper.lambda$null$1(RyukResourceReaper.java:105) ~[testcontainers-1.19.7.jar:1.19.7]
	at org.rnorth.ducttape.ratelimits.RateLimiter.doWhenReady(RateLimiter.java:27) ~[duct-tape-1.0.8.jar:na]
	at org.testcontainers.utility.RyukResourceReaper.lambda$maybeStart$2(RyukResourceReaper.java:101) ~[testcontainers-1.19.7.jar:1.19.7]
	at java.base/java.lang.Thread.run(Thread.java:840) ~[na:na]

2024-05-26T22:55:43.861-05:00  INFO 13936 --- [control_parental_test] [           main] o.t.utility.RyukResourceReaper           : Ryuk started - will monitor and terminate Testcontainers containers on JVM exit
2024-05-26T22:55:43.861-05:00  INFO 13936 --- [control_parental_test] [           main] org.testcontainers.DockerClientFactory   : Checking the system...
2024-05-26T22:55:43.863-05:00  INFO 13936 --- [control_parental_test] [           main] org.testcontainers.DockerClientFactory   : ?? Docker server version should be at least 1.6.0
2024-05-26T22:55:43.876-05:00  INFO 13936 --- [control_parental_test] [           main] tc.postgres:latest                       : Creating container for image: postgres:latest
2024-05-26T22:55:43.973-05:00  INFO 13936 --- [control_parental_test] [           main] tc.postgres:latest                       : Container postgres:latest is starting: 26aef2f9f19e908523dd8adedbe3f1bab51b0fcb59ee4c6dafb1c65c4290d090
2024-05-26T22:55:45.822-05:00  INFO 13936 --- [control_parental_test] [           main] tc.postgres:latest                       : Container postgres:latest started in PT1.9463197S
2024-05-26T22:55:45.823-05:00  INFO 13936 --- [control_parental_test] [           main] tc.postgres:latest                       : Container is started (JDBC URL: jdbc:postgresql://localhost:35757/test-db?loggerLevel=OFF)

  .   ____          _            __ _ _
 /\\ / ___'_ __ _ _(_)_ __  __ _ \ \ \ \
( ( )\___ | '_ | '_| | '_ \/ _` | \ \ \ \
 \\/  ___)| |_)| | | | | || (_| |  ) ) ) )
  '  |____| .__|_| |_|_| |_\__, | / / / /
 =========|_|==============|___/=/_/_/_/
 :: Spring Boot ::                (v3.2.5)

2024-05-26T22:55:45.870-05:00  INFO 13936 --- [control_parental_test] [           main] o.c.c.i.ComentarioRepositoryTest         : Starting ComentarioRepositoryTest using Java 17.0.10 with PID 13936 (started by micha in C:\Users\micha\Documents\UTEC\2024-1\DBP\proyecto-backend-control_parental)
2024-05-26T22:55:45.871-05:00  INFO 13936 --- [control_parental_test] [           main] o.c.c.i.ComentarioRepositoryTest         : No active profile set, falling back to 1 default profile: "default"
2024-05-26T22:55:46.118-05:00  INFO 13936 --- [control_parental_test] [           main] .s.d.r.c.RepositoryConfigurationDelegate : Bootstrapping Spring Data JPA repositories in DEFAULT mode.
2024-05-26T22:55:46.184-05:00  INFO 13936 --- [control_parental_test] [           main] .s.d.r.c.RepositoryConfigurationDelegate : Finished Spring Data repository scanning in 65 ms. Found 9 JPA repository interfaces.
2024-05-26T22:55:46.372-05:00  INFO 13936 --- [control_parental_test] [           main] o.hibernate.jpa.internal.util.LogHelper  : HHH000204: Processing PersistenceUnitInfo [name: default]
2024-05-26T22:55:46.385-05:00  INFO 13936 --- [control_parental_test] [           main] o.h.c.internal.RegionFactoryInitiator    : HHH000026: Second-level cache disabled
2024-05-26T22:55:46.405-05:00  INFO 13936 --- [control_parental_test] [           main] o.s.o.j.p.SpringPersistenceUnitInfo      : No LoadTimeWeaver setup: ignoring JPA class transformer
2024-05-26T22:55:46.409-05:00  INFO 13936 --- [control_parental_test] [           main] com.zaxxer.hikari.HikariDataSource       : HikariPool-2 - Starting...
2024-05-26T22:55:47.088-05:00  INFO 13936 --- [control_parental_test] [           main] com.zaxxer.hikari.pool.HikariPool        : HikariPool-2 - Added connection org.postgresql.jdbc.PgConnection@71458178
2024-05-26T22:55:47.094-05:00  INFO 13936 --- [control_parental_test] [           main] com.zaxxer.hikari.HikariDataSource       : HikariPool-2 - Start completed.
2024-05-26T22:55:49.282-05:00  INFO 13936 --- [control_parental_test] [           main] o.h.e.t.j.p.i.JtaPlatformInitiator       : HHH000489: No JTA platform available (set 'hibernate.transaction.jta.platform' to enable JTA platform integration)
Hibernate: create table admin (id bigint not null, primary key (id))
Hibernate: create table comentario (id bigint not null, contenido varchar(500) not null, fecha timestamp(6) not null, publicacion_id bigint, usuario_id bigint, primary key (id))
Hibernate: create table hijo (id bigint not null, apellido varchar(50) not null, nombre varchar(50) not null, padre bigint, salon_id bigint, primary key (id))
Hibernate: create table hijo_publicaciones (hijo_id bigint not null, publicaciones_id bigint not null)
Hibernate: create table padre (phone_number varchar(15) not null, id bigint not null, primary key (id))
Hibernate: create table padre_like (id bigint not null, padre bigint, likers bigint, primary key (id))
Hibernate: create table profesor (id bigint not null, primary key (id))
Hibernate: create table profesor_publicaciones (profesor_id bigint not null, publicaciones_id bigint not null)
Hibernate: create table profesor_salones (profesores_id bigint not null, salones_id bigint not null)
Hibernate: create table publicacion (id bigint not null, descripcion varchar(500) not null, fecha timestamp(6), foto varchar(255), likes integer not null check (likes>=0), titulo varchar(255) not null, profesor_id bigint, salon_id bigint, primary key (id))
Hibernate: create table publicacion_comentarios (publicacion_id bigint not null, comentarios_id bigint not null)
Hibernate: create table publicacion_hijos (publicacion_id bigint not null, hijos_id bigint not null)
Hibernate: create table salon (id bigint not null, nombre varchar(50) not null, primary key (id))
Hibernate: create table salon_publicaciones (salon_id bigint not null, publicaciones_id bigint not null)
Hibernate: create table usuario (id bigint not null, apellido varchar(100) not null, email varchar(255) not null, nombre varchar(100) not null, password varchar(255) not null, role smallint check (role between 0 and 2), primary key (id))
Hibernate: create table usuario_comentarios (usuario_id bigint not null, comentarios_id bigint not null)
Hibernate: alter table if exists profesor_publicaciones drop constraint if exists UK_9shhewddwseg7dqk8n11ut5ua
2024-05-26T22:55:49.367-05:00  WARN 13936 --- [control_parental_test] [           main] o.h.engine.jdbc.spi.SqlExceptionHelper   : SQL Warning Code: 0, SQLState: 00000
2024-05-26T22:55:49.368-05:00  WARN 13936 --- [control_parental_test] [           main] o.h.engine.jdbc.spi.SqlExceptionHelper   : constraint "uk_9shhewddwseg7dqk8n11ut5ua" of relation "profesor_publicaciones" does not exist, skipping
Hibernate: alter table if exists profesor_publicaciones add constraint UK_9shhewddwseg7dqk8n11ut5ua unique (publicaciones_id)
Hibernate: alter table if exists publicacion_comentarios drop constraint if exists UK_i9sis5f7rmvaqf0rr73p5n1sl
2024-05-26T22:55:49.372-05:00  WARN 13936 --- [control_parental_test] [           main] o.h.engine.jdbc.spi.SqlExceptionHelper   : SQL Warning Code: 0, SQLState: 00000
2024-05-26T22:55:49.372-05:00  WARN 13936 --- [control_parental_test] [           main] o.h.engine.jdbc.spi.SqlExceptionHelper   : constraint "uk_i9sis5f7rmvaqf0rr73p5n1sl" of relation "publicacion_comentarios" does not exist, skipping
Hibernate: alter table if exists publicacion_comentarios add constraint UK_i9sis5f7rmvaqf0rr73p5n1sl unique (comentarios_id)
Hibernate: alter table if exists salon_publicaciones drop constraint if exists UK_mmebr8n9bbty7qdxs6xqymirm
2024-05-26T22:55:49.375-05:00  WARN 13936 --- [control_parental_test] [           main] o.h.engine.jdbc.spi.SqlExceptionHelper   : SQL Warning Code: 0, SQLState: 00000
2024-05-26T22:55:49.376-05:00  WARN 13936 --- [control_parental_test] [           main] o.h.engine.jdbc.spi.SqlExceptionHelper   : constraint "uk_mmebr8n9bbty7qdxs6xqymirm" of relation "salon_publicaciones" does not exist, skipping
Hibernate: alter table if exists salon_publicaciones add constraint UK_mmebr8n9bbty7qdxs6xqymirm unique (publicaciones_id)
Hibernate: alter table if exists usuario drop constraint if exists UK_5171l57faosmj8myawaucatdw
2024-05-26T22:55:49.379-05:00  WARN 13936 --- [control_parental_test] [           main] o.h.engine.jdbc.spi.SqlExceptionHelper   : SQL Warning Code: 0, SQLState: 00000
2024-05-26T22:55:49.379-05:00  WARN 13936 --- [control_parental_test] [           main] o.h.engine.jdbc.spi.SqlExceptionHelper   : constraint "uk_5171l57faosmj8myawaucatdw" of relation "usuario" does not exist, skipping
Hibernate: alter table if exists usuario add constraint UK_5171l57faosmj8myawaucatdw unique (email)
Hibernate: alter table if exists usuario_comentarios drop constraint if exists UK_rgc208v11vbfst0506rqkhowi
2024-05-26T22:55:49.383-05:00  WARN 13936 --- [control_parental_test] [           main] o.h.engine.jdbc.spi.SqlExceptionHelper   : SQL Warning Code: 0, SQLState: 00000
2024-05-26T22:55:49.383-05:00  WARN 13936 --- [control_parental_test] [           main] o.h.engine.jdbc.spi.SqlExceptionHelper   : constraint "uk_rgc208v11vbfst0506rqkhowi" of relation "usuario_comentarios" does not exist, skipping
Hibernate: alter table if exists usuario_comentarios add constraint UK_rgc208v11vbfst0506rqkhowi unique (comentarios_id)
Hibernate: create sequence comentario_seq start with 1 increment by 50
Hibernate: create sequence hijo_seq start with 1 increment by 50
Hibernate: create sequence padre_like_seq start with 1 increment by 50
Hibernate: create sequence publicacion_seq start with 1 increment by 50
Hibernate: create sequence salon_seq start with 1 increment by 50
Hibernate: create sequence usuario_seq start with 1 increment by 50
Hibernate: alter table if exists admin add constraint FKiq5uw34yv94wnpdofq0tc4f21 foreign key (id) references usuario
Hibernate: alter table if exists comentario add constraint FK3gh68jx5umvb7fm8uuv5chiwu foreign key (publicacion_id) references publicacion
Hibernate: alter table if exists comentario add constraint FKixspmid2pb85o8ypsd20jakxg foreign key (usuario_id) references usuario
Hibernate: alter table if exists hijo add constraint FKjnvmttshex0quoet1g49f9bc foreign key (padre) references padre
Hibernate: alter table if exists hijo add constraint FKtdcx016ljaokcaytt2sa12t1k foreign key (salon_id) references salon
Hibernate: alter table if exists hijo_publicaciones add constraint FKo55i621wqdnfv2qhktvinmy7o foreign key (publicaciones_id) references publicacion
Hibernate: alter table if exists hijo_publicaciones add constraint FKcxhw7qqw96meil7omts7pc8ka foreign key (hijo_id) references hijo
Hibernate: alter table if exists padre add constraint FKsyctwfk270v7s0v37puit4n0 foreign key (id) references usuario
Hibernate: alter table if exists padre_like add constraint FKsohlvi6xd3s3j7txea7s1fylr foreign key (padre) references padre
Hibernate: alter table if exists padre_like add constraint FK3e8jc5uvgs3o17uwklbv7m8rc foreign key (likers) references publicacion
Hibernate: alter table if exists profesor add constraint FKg3tinbhdgsswp3ybgj2xvltie foreign key (id) references usuario
Hibernate: alter table if exists profesor_publicaciones add constraint FK86mdy8yviu6dv0lx74wrfclnv foreign key (publicaciones_id) references publicacion
Hibernate: alter table if exists profesor_publicaciones add constraint FK6ublswrky9wxhu0ib6yvbs8us foreign key (profesor_id) references profesor
Hibernate: alter table if exists profesor_salones add constraint FKs4t25yogr37bqnen2suewcom0 foreign key (salones_id) references salon
Hibernate: alter table if exists profesor_salones add constraint FK4c97yfdyobxppvfctbrilxjee foreign key (profesores_id) references profesor
Hibernate: alter table if exists publicacion add constraint FK5jq9x2fqdbkr3j710elh0prj8 foreign key (profesor_id) references profesor
Hibernate: alter table if exists publicacion add constraint FKohtgi07cm4wf11b6g3b76n2rf foreign key (salon_id) references salon
Hibernate: alter table if exists publicacion_comentarios add constraint FKdctm6ax5smk6w4y4klytrcsoo foreign key (comentarios_id) references comentario
Hibernate: alter table if exists publicacion_comentarios add constraint FKnlwuqxvutjy8dc4e3noitc0t0 foreign key (publicacion_id) references publicacion
Hibernate: alter table if exists publicacion_hijos add constraint FKjoj4gh065fhdsyo6e6g7cyd0k foreign key (hijos_id) references hijo
Hibernate: alter table if exists publicacion_hijos add constraint FK88behylhp09auou651u1odya2 foreign key (publicacion_id) references publicacion
Hibernate: alter table if exists salon_publicaciones add constraint FKbj5wl2qvgnn0mgpqnqq7pgi5j foreign key (publicaciones_id) references publicacion
Hibernate: alter table if exists salon_publicaciones add constraint FK1hxdvx7rxcf3kdasipnjfv723 foreign key (salon_id) references salon
Hibernate: alter table if exists usuario_comentarios add constraint FK54uf3kg0370dd0cfrs9ovuvqy foreign key (comentarios_id) references comentario
Hibernate: alter table if exists usuario_comentarios add constraint FKqxeusxh2d7s66hlf67gn39c0d foreign key (usuario_id) references usuario
2024-05-26T22:55:49.452-05:00  INFO 13936 --- [control_parental_test] [           main] j.LocalContainerEntityManagerFactoryBean : Initialized JPA EntityManagerFactory for persistence unit 'default'
2024-05-26T22:55:50.554-05:00  INFO 13936 --- [control_parental_test] [           main] o.c.c.i.ComentarioRepositoryTest         : Started ComentarioRepositoryTest in 4.724 seconds (process running for 16.796)
Hibernate: select nextval('usuario_seq')
Hibernate: insert into usuario (apellido,email,nombre,password,role,id) values (?,?,?,?,?,?)
Hibernate: insert into admin (id) values (?)
Hibernate: select nextval('usuario_seq')
Hibernate: select nextval('publicacion_seq')
Hibernate: select nextval('comentario_seq')
Hibernate: select nextval('comentario_seq')
Hibernate: insert into usuario (apellido,email,nombre,password,role,id) values (?,?,?,?,?,?)
Hibernate: insert into publicacion (descripcion,fecha,foto,likes,profesor_id,salon_id,titulo,id) values (?,?,?,?,?,?,?,?)
Hibernate: insert into comentario (contenido,fecha,publicacion_id,usuario_id,id) values (?,?,?,?,?)
Hibernate: insert into comentario (contenido,fecha,publicacion_id,usuario_id,id) values (?,?,?,?,?)
]]></system-out>
  </testcase>
  <testcase name="createComentario" classname="org.control_parental.comentario.infrastructure.ComentarioRepositoryTest" time="0.016">
    <system-out><![CDATA[Hibernate: select nextval('publicacion_seq')
Hibernate: insert into usuario (apellido,email,nombre,password,role,id) values (?,?,?,?,?,?)
Hibernate: insert into publicacion (descripcion,fecha,foto,likes,profesor_id,salon_id,titulo,id) values (?,?,?,?,?,?,?,?)
Hibernate: insert into comentario (contenido,fecha,publicacion_id,usuario_id,id) values (?,?,?,?,?)
Hibernate: insert into comentario (contenido,fecha,publicacion_id,usuario_id,id) values (?,?,?,?,?)
]]></system-out>
  </testcase>
  <testcase name="updateComentario" classname="org.control_parental.comentario.infrastructure.ComentarioRepositoryTest" time="0.017">
    <system-out><![CDATA[Hibernate: insert into usuario (apellido,email,nombre,password,role,id) values (?,?,?,?,?,?)
Hibernate: insert into publicacion (descripcion,fecha,foto,likes,profesor_id,salon_id,titulo,id) values (?,?,?,?,?,?,?,?)
Hibernate: insert into comentario (contenido,fecha,publicacion_id,usuario_id,id) values (?,?,?,?,?)
Hibernate: insert into comentario (contenido,fecha,publicacion_id,usuario_id,id) values (?,?,?,?,?)
]]></system-out>
  </testcase>
  <testcase name="shouldDeleteComentario" classname="org.control_parental.comentario.infrastructure.ComentarioRepositoryTest" time="0.018">
    <system-out><![CDATA[Hibernate: insert into usuario (apellido,email,nombre,password,role,id) values (?,?,?,?,?,?)
Hibernate: insert into publicacion (descripcion,fecha,foto,likes,profesor_id,salon_id,titulo,id) values (?,?,?,?,?,?,?,?)
Hibernate: insert into comentario (contenido,fecha,publicacion_id,usuario_id,id) values (?,?,?,?,?)
Hibernate: insert into comentario (contenido,fecha,publicacion_id,usuario_id,id) values (?,?,?,?,?)
]]></system-out>
  </testcase>
</testsuite>